# JRE version: OpenJDK Runtime Environment (14.0.2+12) (build 14.0.2+12-46)
# Java VM: OpenJDK 64-Bit Server VM (14.0.2+12-46, mixed mode, tiered, compressed oops, g1 gc, windows-amd64)
Heap:
 garbage-first heap   total 27648K, used 12410K [0x00000000c3200000, 0x0000000100000000)
  region size 1024K, 4 young (4096K), 2 survivors (2048K)
 Metaspace       used 34484K, capacity 35325K, committed 35504K, reserved 1081344K
  class space    used 3965K, capacity 4315K, committed 4352K, reserved 1048576K
GC Heap History (20 events):
Event: 8.699 GC heap before
{Heap before GC invocations=2 (full 0):
 garbage-first heap   total 63488K, used 25835K [0x00000000c3200000, 0x0000000100000000)
  region size 1024K, 23 young (23552K), 1 survivors (1024K)
 Metaspace       used 18834K, capacity 19255K, committed 19328K, reserved 1067008K
  class space    used 2005K, capacity 2156K, committed 2176K, reserved 1048576K
}
Event: 8.704 GC heap after
{Heap after GC invocations=3 (full 0):
 garbage-first heap   total 63488K, used 5189K [0x00000000c3200000, 0x0000000100000000)
  region size 1024K, 2 young (2048K), 2 survivors (2048K)
 Metaspace       used 18834K, capacity 19255K, committed 19328K, reserved 1067008K
  class space    used 2005K, capacity 2156K, committed 2176K, reserved 1048576K
}
Event: 9.172 GC heap before
{Heap before GC invocations=3 (full 0):
 garbage-first heap   total 63488K, used 12357K [0x00000000c3200000, 0x0000000100000000)
  region size 1024K, 11 young (11264K), 2 survivors (2048K)
 Metaspace       used 20787K, capacity 21204K, committed 21296K, reserved 1069056K
  class space    used 2225K, capacity 2400K, committed 2432K, reserved 1048576K
}
Event: 9.220 GC heap after
{Heap after GC invocations=4 (full 0):
 garbage-first heap   total 63488K, used 5525K [0x00000000c3200000, 0x0000000100000000)
  region size 1024K, 2 young (2048K), 2 survivors (2048K)
 Metaspace       used 20787K, capacity 21204K, committed 21296K, reserved 1069056K
  class space    used 2225K, capacity 2400K, committed 2432K, reserved 1048576K
}
Event: 10.130 GC heap before
{Heap before GC invocations=5 (full 0):
 garbage-first heap   total 27648K, used 19861K [0x00000000c3200000, 0x0000000100000000)
  region size 1024K, 16 young (16384K), 2 survivors (2048K)
 Metaspace       used 23273K, capacity 23778K, committed 23984K, reserved 1071104K
  class space    used 2594K, capacity 2797K, committed 2816K, reserved 1048576K
}
Event: 10.137 GC heap after
{Heap after GC invocations=6 (full 0):
 garbage-first heap   total 27648K, used 6284K [0x00000000c3200000, 0x0000000100000000)
  region size 1024K, 2 young (2048K), 2 survivors (2048K)
 Metaspace       used 23273K, capacity 23778K, committed 23984K, reserved 1071104K
  class space    used 2594K, capacity 2797K, committed 2816K, reserved 1048576K
}
Event: 10.986 GC heap before
{Heap before GC invocations=6 (full 0):
 garbage-first heap   total 27648K, used 17548K [0x00000000c3200000, 0x0000000100000000)
  region size 1024K, 13 young (13312K), 2 survivors (2048K)
 Metaspace       used 24056K, capacity 24642K, committed 24880K, reserved 1071104K
  class space    used 2685K, capacity 2888K, committed 2944K, reserved 1048576K
}
Event: 10.990 GC heap after
{Heap after GC invocations=7 (full 0):
 garbage-first heap   total 27648K, used 6831K [0x00000000c3200000, 0x0000000100000000)
  region size 1024K, 2 young (2048K), 2 survivors (2048K)
 Metaspace       used 24056K, capacity 24642K, committed 24880K, reserved 1071104K
  class space    used 2685K, capacity 2888K, committed 2944K, reserved 1048576K
}
Event: 11.814 GC heap before
{Heap before GC invocations=7 (full 0):
 garbage-first heap   total 27648K, used 19119K [0x00000000c3200000, 0x0000000100000000)
  region size 1024K, 14 young (14336K), 2 survivors (2048K)
 Metaspace       used 25264K, capacity 25818K, committed 26032K, reserved 1073152K
  class space    used 2810K, capacity 3013K, committed 3072K, reserved 1048576K
}
Event: 11.818 GC heap after
{Heap after GC invocations=8 (full 0):
 garbage-first heap   total 27648K, used 6996K [0x00000000c3200000, 0x0000000100000000)
  region size 1024K, 2 young (2048K), 2 survivors (2048K)
 Metaspace       used 25264K, capacity 25818K, committed 26032K, reserved 1073152K
  class space    used 2810K, capacity 3013K, committed 3072K, reserved 1048576K
}
Event: 12.704 GC heap before
{Heap before GC invocations=8 (full 0):
 garbage-first heap   total 27648K, used 18260K [0x00000000c3200000, 0x0000000100000000)
  region size 1024K, 13 young (13312K), 2 survivors (2048K)
 Metaspace       used 27014K, capacity 27649K, committed 27824K, reserved 1073152K
  class space    used 3031K, capacity 3257K, committed 3328K, reserved 1048576K
}
Event: 12.708 GC heap after
{Heap after GC invocations=9 (full 0):
 garbage-first heap   total 27648K, used 7620K [0x00000000c3200000, 0x0000000100000000)
  region size 1024K, 2 young (2048K), 2 survivors (2048K)
 Metaspace       used 27014K, capacity 27649K, committed 27824K, reserved 1073152K
  class space    used 3031K, capacity 3257K, committed 3328K, reserved 1048576K
}
Event: 15.284 GC heap before
{Heap before GC invocations=9 (full 0):
 garbage-first heap   total 27648K, used 18884K [0x00000000c3200000, 0x0000000100000000)
  region size 1024K, 14 young (14336K), 2 survivors (2048K)
 Metaspace       used 29624K, capacity 30320K, committed 30512K, reserved 1077248K
  class space    used 3391K, capacity 3656K, committed 3712K, reserved 1048576K
}
Event: 15.289 GC heap after
{Heap after GC invocations=10 (full 0):
 garbage-first heap   total 27648K, used 8767K [0x00000000c3200000, 0x0000000100000000)
  region size 1024K, 2 young (2048K), 2 survivors (2048K)
 Metaspace       used 29624K, capacity 30320K, committed 30512K, reserved 1077248K
  class space    used 3391K, capacity 3656K, committed 3712K, reserved 1048576K
}
Event: 17.318 GC heap before
{Heap before GC invocations=10 (full 0):
 garbage-first heap   total 27648K, used 20031K [0x00000000c3200000, 0x0000000100000000)
  region size 1024K, 13 young (13312K), 2 survivors (2048K)
 Metaspace       used 31299K, capacity 32060K, committed 32176K, reserved 1077248K
  class space    used 3549K, capacity 3830K, committed 3840K, reserved 1048576K
}
Event: 17.325 GC heap after
{Heap after GC invocations=11 (full 0):
 garbage-first heap   total 27648K, used 9617K [0x00000000c3200000, 0x0000000100000000)
  region size 1024K, 1 young (1024K), 1 survivors (1024K)
 Metaspace       used 31299K, capacity 32060K, committed 32176K, reserved 1077248K
  class space    used 3549K, capacity 3830K, committed 3840K, reserved 1048576K
}
Event: 18.396 GC heap before
{Heap before GC invocations=11 (full 0):
 garbage-first heap   total 27648K, used 20881K [0x00000000c3200000, 0x0000000100000000)
  region size 1024K, 12 young (12288K), 1 survivors (1024K)
 Metaspace       used 32721K, capacity 33505K, committed 33712K, reserved 1079296K
  class space    used 3733K, capacity 4030K, committed 4096K, reserved 1048576K
}
Event: 18.402 GC heap after
{Heap after GC invocations=12 (full 0):
 garbage-first heap   total 27648K, used 10432K [0x00000000c3200000, 0x0000000100000000)
  region size 1024K, 2 young (2048K), 2 survivors (2048K)
 Metaspace       used 32721K, capacity 33505K, committed 33712K, reserved 1079296K
  class space    used 3733K, capacity 4030K, committed 4096K, reserved 1048576K
}
Event: 19.180 GC heap before
{Heap before GC invocations=12 (full 0):
 garbage-first heap   total 27648K, used 20672K [0x00000000c3200000, 0x0000000100000000)
  region size 1024K, 12 young (12288K), 2 survivors (2048K)
 Metaspace       used 34308K, capacity 35153K, committed 35248K, reserved 1081344K
  class space    used 3940K, capacity 4279K, committed 4352K, reserved 1048576K
}
Event: 19.186 GC heap after
{Heap after GC invocations=13 (full 0):
 garbage-first heap   total 27648K, used 11386K [0x00000000c3200000, 0x0000000100000000)
  region size 1024K, 2 young (2048K), 2 survivors (2048K)
 Metaspace       used 34308K, capacity 35153K, committed 35248K, reserved 1081344K
  class space    used 3940K, capacity 4279K, committed 4352K, reserved 1048576K
}

